<?xml version="1.0" encoding="UTF-8"?>
<coverage generated="1561731376848" clover="3.2.0">
  <project timestamp="1561731376848" name="All files">
    <metrics statements="167" coveredstatements="120" conditionals="49" coveredconditionals="23" methods="83" coveredmethods="44" elements="299" coveredelements="187" complexity="0" loc="167" ncloc="167" packages="7" files="8" classes="8"/>
    <package name="feedMe-ReactNative">
      <metrics statements="2" coveredstatements="2" conditionals="0" coveredconditionals="0" methods="0" coveredmethods="0"/>
      <file name="superSecretKey.js" path="/Users/barazouri/workspace/feedMe-ReactNative/superSecretKey.js">
        <metrics statements="2" coveredstatements="2" conditionals="0" coveredconditionals="0" methods="0" coveredmethods="0"/>
        <line num="1" count="1" type="stmt"/>
        <line num="2" count="1" type="stmt"/>
      </file>
    </package>
    <package name="feedMe-ReactNative.src.components.Favorites">
      <metrics statements="44" coveredstatements="32" conditionals="12" coveredconditionals="8" methods="21" coveredmethods="12"/>
      <file name="Favorites.js" path="/Users/barazouri/workspace/feedMe-ReactNative/src/components/Favorites/Favorites.js">
        <metrics statements="44" coveredstatements="32" conditionals="12" coveredconditionals="8" methods="21" coveredmethods="12"/>
        <line num="17" count="1" type="stmt"/>
        <line num="58" count="5" type="stmt"/>
        <line num="59" count="5" type="stmt"/>
        <line num="65" count="5" type="stmt"/>
        <line num="66" count="5" type="stmt"/>
        <line num="67" count="5" type="stmt"/>
        <line num="68" count="5" type="stmt"/>
        <line num="69" count="5" type="stmt"/>
        <line num="70" count="5" type="stmt"/>
        <line num="71" count="5" type="stmt"/>
        <line num="72" count="5" type="stmt"/>
        <line num="73" count="5" type="stmt"/>
        <line num="74" count="5" type="stmt"/>
        <line num="77" count="5" type="stmt"/>
        <line num="80" count="0" type="stmt"/>
        <line num="87" count="0" type="stmt"/>
        <line num="94" count="6" type="stmt"/>
        <line num="95" count="6" type="stmt"/>
        <line num="96" count="6" type="stmt"/>
        <line num="97" count="2" type="stmt"/>
        <line num="98" count="2" type="stmt"/>
        <line num="99" count="8" type="stmt"/>
        <line num="101" count="2" type="stmt"/>
        <line num="103" count="0" type="stmt"/>
        <line num="107" count="0" type="stmt"/>
        <line num="108" count="0" type="stmt"/>
        <line num="115" count="0" type="stmt"/>
        <line num="116" count="0" type="stmt"/>
        <line num="117" count="0" type="stmt"/>
        <line num="118" count="0" type="stmt"/>
        <line num="122" count="8" type="cond" truecount="2" falsecount="0"/>
        <line num="123" count="8" type="stmt"/>
        <line num="126" count="8" type="stmt"/>
        <line num="140" count="1" type="stmt"/>
        <line num="141" count="1" type="stmt"/>
        <line num="144" count="1" type="stmt"/>
        <line num="147" count="15" type="stmt"/>
        <line num="161" count="0" type="stmt"/>
        <line num="164" count="0" type="stmt"/>
        <line num="167" count="0" type="stmt"/>
        <line num="171" count="4" type="stmt"/>
        <line num="179" count="17" type="cond" truecount="2" falsecount="0"/>
        <line num="180" count="2" type="stmt"/>
        <line num="189" count="1" type="stmt"/>
      </file>
    </package>
    <package name="feedMe-ReactNative.src.components.Instruction">
      <metrics statements="17" coveredstatements="13" conditionals="8" coveredconditionals="2" methods="10" coveredmethods="6"/>
      <file name="Instruction.js" path="/Users/barazouri/workspace/feedMe-ReactNative/src/components/Instruction/Instruction.js">
        <metrics statements="17" coveredstatements="13" conditionals="8" coveredconditionals="2" methods="10" coveredmethods="6"/>
        <line num="9" count="3" type="stmt"/>
        <line num="57" count="4" type="stmt"/>
        <line num="58" count="4" type="stmt"/>
        <line num="69" count="4" type="stmt"/>
        <line num="70" count="4" type="stmt"/>
        <line num="71" count="4" type="stmt"/>
        <line num="74" count="4" type="stmt"/>
        <line num="77" count="0" type="stmt"/>
        <line num="80" count="4" type="stmt"/>
        <line num="81" count="4" type="stmt"/>
        <line num="82" count="0" type="stmt"/>
        <line num="84" count="0" type="stmt"/>
        <line num="93" count="0" type="stmt"/>
        <line num="103" count="1" type="stmt"/>
        <line num="115" count="1" type="stmt"/>
        <line num="120" count="6" type="stmt"/>
        <line num="146" count="3" type="stmt"/>
      </file>
    </package>
    <package name="feedMe-ReactNative.src.components.Profile">
      <metrics statements="42" coveredstatements="35" conditionals="14" coveredconditionals="7" methods="22" coveredmethods="15"/>
      <file name="Profile.js" path="/Users/barazouri/workspace/feedMe-ReactNative/src/components/Profile/Profile.js">
        <metrics statements="42" coveredstatements="35" conditionals="14" coveredconditionals="7" methods="22" coveredmethods="15"/>
        <line num="6" count="1" type="stmt"/>
        <line num="48" count="6" type="stmt"/>
        <line num="49" count="6" type="stmt"/>
        <line num="60" count="6" type="stmt"/>
        <line num="61" count="6" type="stmt"/>
        <line num="62" count="6" type="stmt"/>
        <line num="63" count="6" type="stmt"/>
        <line num="64" count="6" type="stmt"/>
        <line num="65" count="6" type="stmt"/>
        <line num="66" count="6" type="stmt"/>
        <line num="67" count="6" type="stmt"/>
        <line num="68" count="6" type="stmt"/>
        <line num="72" count="6" type="stmt"/>
        <line num="76" count="7" type="cond" truecount="2" falsecount="0"/>
        <line num="77" count="7" type="stmt"/>
        <line num="81" count="6" type="stmt"/>
        <line num="82" count="6" type="stmt"/>
        <line num="83" count="6" type="stmt"/>
        <line num="84" count="0" type="stmt"/>
        <line num="86" count="0" type="stmt"/>
        <line num="87" count="0" type="stmt"/>
        <line num="90" count="0" type="stmt"/>
        <line num="94" count="1" type="stmt"/>
        <line num="105" count="1" type="stmt"/>
        <line num="109" count="1" type="cond" truecount="1" falsecount="1"/>
        <line num="110" count="1" type="cond" truecount="1" falsecount="1"/>
        <line num="111" count="1" type="cond" truecount="1" falsecount="1"/>
        <line num="112" count="1" type="stmt"/>
        <line num="113" count="1" type="stmt"/>
        <line num="120" count="0" type="stmt"/>
        <line num="121" count="0" type="stmt"/>
        <line num="122" count="1" type="stmt"/>
        <line num="133" count="1" type="stmt"/>
        <line num="134" count="1" type="stmt"/>
        <line num="138" count="1" type="stmt"/>
        <line num="141" count="1" type="stmt"/>
        <line num="144" count="1" type="stmt"/>
        <line num="148" count="2" type="stmt"/>
        <line num="186" count="14" type="stmt"/>
        <line num="197" count="0" type="stmt"/>
        <line num="204" count="16" type="cond" truecount="2" falsecount="0"/>
        <line num="207" count="1" type="stmt"/>
      </file>
    </package>
    <package name="feedMe-ReactNative.src.components.Register">
      <metrics statements="18" coveredstatements="9" conditionals="4" coveredconditionals="1" methods="8" coveredmethods="3"/>
      <file name="Register.js" path="/Users/barazouri/workspace/feedMe-ReactNative/src/components/Register/Register.js">
        <metrics statements="18" coveredstatements="9" conditionals="4" coveredconditionals="1" methods="8" coveredmethods="3"/>
        <line num="7" count="1" type="stmt"/>
        <line num="33" count="3" type="stmt"/>
        <line num="34" count="3" type="stmt"/>
        <line num="40" count="3" type="stmt"/>
        <line num="41" count="3" type="stmt"/>
        <line num="42" count="3" type="stmt"/>
        <line num="46" count="0" type="stmt"/>
        <line num="51" count="0" type="stmt"/>
        <line num="58" count="0" type="stmt"/>
        <line num="63" count="0" type="cond" truecount="0" falsecount="2"/>
        <line num="64" count="0" type="stmt"/>
        <line num="72" count="0" type="stmt"/>
        <line num="73" count="0" type="stmt"/>
        <line num="74" count="0" type="stmt"/>
        <line num="86" count="3" type="stmt"/>
        <line num="89" count="0" type="stmt"/>
        <line num="94" count="3" type="stmt"/>
        <line num="106" count="1" type="stmt"/>
      </file>
    </package>
    <package name="feedMe-ReactNative.src.components.Search">
      <metrics statements="43" coveredstatements="28" conditionals="11" coveredconditionals="5" methods="22" coveredmethods="8"/>
      <file name="Search.js" path="/Users/barazouri/workspace/feedMe-ReactNative/src/components/Search/Search.js">
        <metrics statements="42" coveredstatements="27" conditionals="11" coveredconditionals="5" methods="22" coveredmethods="8"/>
        <line num="22" count="1" type="stmt"/>
        <line num="107" count="6" type="stmt"/>
        <line num="108" count="6" type="stmt"/>
        <line num="118" count="6" type="stmt"/>
        <line num="119" count="6" type="stmt"/>
        <line num="120" count="6" type="stmt"/>
        <line num="121" count="6" type="stmt"/>
        <line num="122" count="6" type="stmt"/>
        <line num="123" count="6" type="stmt"/>
        <line num="127" count="1" type="stmt"/>
        <line num="128" count="1" type="stmt"/>
        <line num="129" count="1" type="stmt"/>
        <line num="130" count="1" type="stmt"/>
        <line num="131" count="1" type="stmt"/>
        <line num="132" count="1" type="stmt"/>
        <line num="133" count="1" type="stmt"/>
        <line num="134" count="1" type="stmt"/>
        <line num="136" count="0" type="stmt"/>
        <line num="140" count="0" type="stmt"/>
        <line num="154" count="0" type="cond" truecount="0" falsecount="2"/>
        <line num="155" count="0" type="stmt"/>
        <line num="159" count="0" type="stmt"/>
        <line num="160" count="0" type="stmt"/>
        <line num="167" count="0" type="stmt"/>
        <line num="168" count="0" type="stmt"/>
        <line num="172" count="1" type="stmt"/>
        <line num="173" count="1" type="stmt"/>
        <line num="176" count="1" type="stmt"/>
        <line num="180" count="11" type="cond" truecount="2" falsecount="0"/>
        <line num="181" count="9" type="stmt"/>
        <line num="192" count="0" type="stmt"/>
        <line num="195" count="333" type="stmt"/>
        <line num="202" count="0" type="stmt"/>
        <line num="205" count="333" type="stmt"/>
        <line num="212" count="0" type="stmt"/>
        <line num="215" count="333" type="stmt"/>
        <line num="233" count="0" type="stmt"/>
        <line num="237" count="0" type="stmt"/>
        <line num="242" count="0" type="stmt"/>
        <line num="248" count="0" type="stmt"/>
        <line num="254" count="2" type="stmt"/>
        <line num="262" count="1" type="stmt"/>
      </file>
      <file name="ingredientList.js" path="/Users/barazouri/workspace/feedMe-ReactNative/src/components/Search/ingredientList.js">
        <metrics statements="1" coveredstatements="1" conditionals="0" coveredconditionals="0" methods="0" coveredmethods="0"/>
        <line num="1" count="1" type="stmt"/>
      </file>
    </package>
    <package name="feedMe-ReactNative.src.components.photos">
      <metrics statements="1" coveredstatements="1" conditionals="0" coveredconditionals="0" methods="0" coveredmethods="0"/>
      <file name="searchPhoto.jpeg" path="/Users/barazouri/workspace/feedMe-ReactNative/src/components/photos/searchPhoto.jpeg">
        <metrics statements="1" coveredstatements="1" conditionals="0" coveredconditionals="0" methods="0" coveredmethods="0"/>
        <line num="1" count="2" type="stmt"/>
      </file>
    </package>
  </project>
</coverage>
