{"/Users/barazouri/workspace/feedMe-ReactNative/superSecretKey.js": {"path":"/Users/barazouri/workspace/feedMe-ReactNative/superSecretKey.js","statementMap":{"0":{"start":{"line":1,"column":31},"end":{"line":1,"column":105}},"1":{"start":{"line":2,"column":27},"end":{"line":2,"column":101}}},"fnMap":{},"branchMap":{},"s":{"0":1,"1":1},"f":{},"b":{},"_coverageSchema":"43e27e138ebf9cfc5966b082cf9a028302ed4184","hash":"bee26fd6dbd3345a4bd40220caf52fec8c5cb7af"}
,"/Users/barazouri/workspace/feedMe-ReactNative/src/components/Favorites/Favorites.js": {"path":"/Users/barazouri/workspace/feedMe-ReactNative/src/components/Favorites/Favorites.js","statementMap":{"0":{"start":{"line":17,"column":15},"end":{"line":54,"column":2}},"1":{"start":{"line":58,"column":4},"end":{"line":58,"column":16}},"2":{"start":{"line":59,"column":4},"end":{"line":64,"column":5}},"3":{"start":{"line":65,"column":4},"end":{"line":65,"column":37}},"4":{"start":{"line":66,"column":4},"end":{"line":66,"column":34}},"5":{"start":{"line":67,"column":4},"end":{"line":67,"column":44}},"6":{"start":{"line":68,"column":4},"end":{"line":68,"column":42}},"7":{"start":{"line":69,"column":4},"end":{"line":69,"column":60}},"8":{"start":{"line":70,"column":4},"end":{"line":70,"column":52}},"9":{"start":{"line":71,"column":4},"end":{"line":71,"column":40}},"10":{"start":{"line":72,"column":4},"end":{"line":72,"column":58}},"11":{"start":{"line":73,"column":4},"end":{"line":73,"column":78}},"12":{"start":{"line":74,"column":4},"end":{"line":74,"column":56}},"13":{"start":{"line":77,"column":4},"end":{"line":77,"column":18}},"14":{"start":{"line":80,"column":4},"end":{"line":84,"column":5}},"15":{"start":{"line":87,"column":4},"end":{"line":91,"column":5}},"16":{"start":{"line":94,"column":16},"end":{"line":94,"column":104}},"17":{"start":{"line":95,"column":4},"end":{"line":104,"column":5}},"18":{"start":{"line":96,"column":18},"end":{"line":96,"column":39}},"19":{"start":{"line":97,"column":19},"end":{"line":97,"column":35}},"20":{"start":{"line":98,"column":6},"end":{"line":100,"column":7}},"21":{"start":{"line":99,"column":8},"end":{"line":99,"column":96}},"22":{"start":{"line":101,"column":6},"end":{"line":101,"column":39}},"23":{"start":{"line":103,"column":6},"end":{"line":103,"column":27}},"24":{"start":{"line":107,"column":16},"end":{"line":107,"column":63}},"25":{"start":{"line":108,"column":4},"end":{"line":116,"column":35}},"26":{"start":{"line":115,"column":19},"end":{"line":115,"column":29}},"27":{"start":{"line":116,"column":20},"end":{"line":116,"column":34}},"28":{"start":{"line":117,"column":26},"end":{"line":117,"column":96}},"29":{"start":{"line":117,"column":65},"end":{"line":117,"column":95}},"30":{"start":{"line":118,"column":4},"end":{"line":118,"column":50}},"31":{"start":{"line":122,"column":4},"end":{"line":122,"column":38}},"32":{"start":{"line":123,"column":4},"end":{"line":123,"column":26}},"33":{"start":{"line":126,"column":4},"end":{"line":137,"column":7}},"34":{"start":{"line":126,"column":32},"end":{"line":137,"column":5}},"35":{"start":{"line":140,"column":4},"end":{"line":140,"column":39}},"36":{"start":{"line":141,"column":4},"end":{"line":141,"column":75}},"37":{"start":{"line":144,"column":4},"end":{"line":144,"column":75}},"38":{"start":{"line":147,"column":4},"end":{"line":176,"column":5}},"39":{"start":{"line":161,"column":14},"end":{"line":169,"column":15}},"40":{"start":{"line":164,"column":51},"end":{"line":164,"column":77}},"41":{"start":{"line":167,"column":39},"end":{"line":167,"column":63}},"42":{"start":{"line":171,"column":34},"end":{"line":171,"column":52}},"43":{"start":{"line":179,"column":4},"end":{"line":179,"column":69}},"44":{"start":{"line":179,"column":41},"end":{"line":179,"column":69}},"45":{"start":{"line":180,"column":4},"end":{"line":185,"column":5}},"46":{"start":{"line":189,"column":0},"end":{"line":191,"column":1}}},"fnMap":{"0":{"name":"(anonymous_0)","decl":{"start":{"line":57,"column":2},"end":{"line":57,"column":3}},"loc":{"start":{"line":57,"column":21},"end":{"line":75,"column":3}},"line":57},"1":{"name":"(anonymous_1)","decl":{"start":{"line":76,"column":2},"end":{"line":76,"column":3}},"loc":{"start":{"line":76,"column":22},"end":{"line":78,"column":3}},"line":76},"2":{"name":"(anonymous_2)","decl":{"start":{"line":79,"column":2},"end":{"line":79,"column":3}},"loc":{"start":{"line":79,"column":21},"end":{"line":85,"column":3}},"line":79},"3":{"name":"(anonymous_3)","decl":{"start":{"line":86,"column":2},"end":{"line":86,"column":3}},"loc":{"start":{"line":86,"column":17},"end":{"line":92,"column":3}},"line":86},"4":{"name":"(anonymous_4)","decl":{"start":{"line":93,"column":2},"end":{"line":93,"column":3}},"loc":{"start":{"line":93,"column":18},"end":{"line":105,"column":3}},"line":93},"5":{"name":"(anonymous_5)","decl":{"start":{"line":98,"column":15},"end":{"line":98,"column":16}},"loc":{"start":{"line":99,"column":8},"end":{"line":99,"column":96}},"line":99},"6":{"name":"(anonymous_6)","decl":{"start":{"line":106,"column":2},"end":{"line":106,"column":3}},"loc":{"start":{"line":106,"column":29},"end":{"line":119,"column":3}},"line":106},"7":{"name":"(anonymous_7)","decl":{"start":{"line":115,"column":12},"end":{"line":115,"column":13}},"loc":{"start":{"line":115,"column":19},"end":{"line":115,"column":29}},"line":115},"8":{"name":"(anonymous_8)","decl":{"start":{"line":116,"column":13},"end":{"line":116,"column":14}},"loc":{"start":{"line":116,"column":20},"end":{"line":116,"column":34}},"line":116},"9":{"name":"(anonymous_9)","decl":{"start":{"line":117,"column":57},"end":{"line":117,"column":58}},"loc":{"start":{"line":117,"column":65},"end":{"line":117,"column":95}},"line":117},"10":{"name":"(anonymous_10)","decl":{"start":{"line":121,"column":2},"end":{"line":121,"column":3}},"loc":{"start":{"line":121,"column":11},"end":{"line":124,"column":3}},"line":121},"11":{"name":"(anonymous_11)","decl":{"start":{"line":125,"column":2},"end":{"line":125,"column":3}},"loc":{"start":{"line":125,"column":78},"end":{"line":138,"column":3}},"line":125},"12":{"name":"(anonymous_12)","decl":{"start":{"line":126,"column":18},"end":{"line":126,"column":19}},"loc":{"start":{"line":126,"column":32},"end":{"line":137,"column":5}},"line":126},"13":{"name":"(anonymous_13)","decl":{"start":{"line":139,"column":2},"end":{"line":139,"column":3}},"loc":{"start":{"line":139,"column":24},"end":{"line":142,"column":3}},"line":139},"14":{"name":"(anonymous_14)","decl":{"start":{"line":143,"column":2},"end":{"line":143,"column":3}},"loc":{"start":{"line":143,"column":30},"end":{"line":145,"column":3}},"line":143},"15":{"name":"(anonymous_15)","decl":{"start":{"line":146,"column":2},"end":{"line":146,"column":3}},"loc":{"start":{"line":146,"column":19},"end":{"line":177,"column":3}},"line":146},"16":{"name":"(anonymous_16)","decl":{"start":{"line":160,"column":24},"end":{"line":160,"column":25}},"loc":{"start":{"line":160,"column":38},"end":{"line":170,"column":13}},"line":160},"17":{"name":"(anonymous_17)","decl":{"start":{"line":164,"column":45},"end":{"line":164,"column":46}},"loc":{"start":{"line":164,"column":51},"end":{"line":164,"column":77}},"line":164},"18":{"name":"(anonymous_18)","decl":{"start":{"line":167,"column":33},"end":{"line":167,"column":34}},"loc":{"start":{"line":167,"column":39},"end":{"line":167,"column":63}},"line":167},"19":{"name":"(anonymous_19)","decl":{"start":{"line":171,"column":26},"end":{"line":171,"column":27}},"loc":{"start":{"line":171,"column":34},"end":{"line":171,"column":52}},"line":171},"20":{"name":"(anonymous_20)","decl":{"start":{"line":178,"column":2},"end":{"line":178,"column":3}},"loc":{"start":{"line":178,"column":11},"end":{"line":186,"column":3}},"line":178}},"branchMap":{"0":{"loc":{"start":{"line":122,"column":20},"end":{"line":122,"column":38}},"type":"binary-expr","locations":[{"start":{"line":122,"column":20},"end":{"line":122,"column":33}},{"start":{"line":122,"column":37},"end":{"line":122,"column":38}}],"line":122},"1":{"loc":{"start":{"line":125,"column":6},"end":{"line":125,"column":21}},"type":"default-arg","locations":[{"start":{"line":125,"column":17},"end":{"line":125,"column":21}}],"line":125},"2":{"loc":{"start":{"line":125,"column":23},"end":{"line":125,"column":38}},"type":"default-arg","locations":[{"start":{"line":125,"column":34},"end":{"line":125,"column":38}}],"line":125},"3":{"loc":{"start":{"line":125,"column":40},"end":{"line":125,"column":56}},"type":"default-arg","locations":[{"start":{"line":125,"column":52},"end":{"line":125,"column":56}}],"line":125},"4":{"loc":{"start":{"line":125,"column":58},"end":{"line":125,"column":76}},"type":"default-arg","locations":[{"start":{"line":125,"column":72},"end":{"line":125,"column":76}}],"line":125},"5":{"loc":{"start":{"line":150,"column":9},"end":{"line":154,"column":9}},"type":"binary-expr","locations":[{"start":{"line":150,"column":9},"end":{"line":150,"column":27}},{"start":{"line":151,"column":10},"end":{"line":153,"column":17}}],"line":150},"6":{"loc":{"start":{"line":155,"column":9},"end":{"line":174,"column":9}},"type":"binary-expr","locations":[{"start":{"line":155,"column":9},"end":{"line":155,"column":28}},{"start":{"line":156,"column":10},"end":{"line":173,"column":12}}],"line":155},"7":{"loc":{"start":{"line":179,"column":4},"end":{"line":179,"column":69}},"type":"if","locations":[{"start":{"line":179,"column":4},"end":{"line":179,"column":69}},{"start":{"line":179,"column":4},"end":{"line":179,"column":69}}],"line":179}},"s":{"0":1,"1":5,"2":5,"3":5,"4":5,"5":5,"6":5,"7":5,"8":5,"9":5,"10":5,"11":5,"12":5,"13":5,"14":0,"15":0,"16":6,"17":6,"18":6,"19":3,"20":3,"21":12,"22":3,"23":0,"24":0,"25":0,"26":0,"27":0,"28":0,"29":0,"30":0,"31":12,"32":12,"33":12,"34":12,"35":1,"36":1,"37":1,"38":15,"39":0,"40":0,"41":0,"42":0,"43":22,"44":15,"45":7,"46":1},"f":{"0":5,"1":5,"2":0,"3":0,"4":6,"5":12,"6":0,"7":0,"8":0,"9":0,"10":12,"11":12,"12":12,"13":1,"14":1,"15":15,"16":0,"17":0,"18":0,"19":0,"20":22},"b":{"0":[12,2],"1":[0],"2":[0],"3":[0],"4":[0],"5":[15,9],"6":[15,6],"7":[15,7]},"_coverageSchema":"43e27e138ebf9cfc5966b082cf9a028302ed4184","hash":"5e75bec50090dcccf82922c0071fbebc51e64d6d"}
,"/Users/barazouri/workspace/feedMe-ReactNative/src/components/Instruction/Instruction.js": {"path":"/Users/barazouri/workspace/feedMe-ReactNative/src/components/Instruction/Instruction.js","statementMap":{"0":{"start":{"line":9,"column":15},"end":{"line":53,"column":2}},"1":{"start":{"line":57,"column":4},"end":{"line":57,"column":16}},"2":{"start":{"line":58,"column":4},"end":{"line":68,"column":5}},"3":{"start":{"line":69,"column":4},"end":{"line":69,"column":64}},"4":{"start":{"line":70,"column":4},"end":{"line":70,"column":56}},"5":{"start":{"line":71,"column":4},"end":{"line":71,"column":58}},"6":{"start":{"line":74,"column":4},"end":{"line":74,"column":51}},"7":{"start":{"line":77,"column":4},"end":{"line":77,"column":33}},"8":{"start":{"line":80,"column":16},"end":{"line":80,"column":75}},"9":{"start":{"line":81,"column":4},"end":{"line":93,"column":35}},"10":{"start":{"line":82,"column":19},"end":{"line":82,"column":29}},"11":{"start":{"line":84,"column":8},"end":{"line":91,"column":9}},"12":{"start":{"line":93,"column":20},"end":{"line":93,"column":34}},"13":{"start":{"line":103,"column":4},"end":{"line":117,"column":5}},"14":{"start":{"line":115,"column":8},"end":{"line":115,"column":38}},"15":{"start":{"line":120,"column":4},"end":{"line":143,"column":5}},"16":{"start":{"line":146,"column":0},"end":{"line":149,"column":1}}},"fnMap":{"0":{"name":"(anonymous_0)","decl":{"start":{"line":56,"column":2},"end":{"line":56,"column":3}},"loc":{"start":{"line":56,"column":21},"end":{"line":72,"column":3}},"line":56},"1":{"name":"(anonymous_1)","decl":{"start":{"line":73,"column":2},"end":{"line":73,"column":3}},"loc":{"start":{"line":73,"column":22},"end":{"line":75,"column":3}},"line":73},"2":{"name":"(anonymous_2)","decl":{"start":{"line":76,"column":2},"end":{"line":76,"column":3}},"loc":{"start":{"line":76,"column":20},"end":{"line":78,"column":3}},"line":76},"3":{"name":"(anonymous_3)","decl":{"start":{"line":79,"column":2},"end":{"line":79,"column":3}},"loc":{"start":{"line":79,"column":31},"end":{"line":94,"column":3}},"line":79},"4":{"name":"(anonymous_4)","decl":{"start":{"line":82,"column":12},"end":{"line":82,"column":13}},"loc":{"start":{"line":82,"column":19},"end":{"line":82,"column":29}},"line":82},"5":{"name":"(anonymous_5)","decl":{"start":{"line":83,"column":12},"end":{"line":83,"column":13}},"loc":{"start":{"line":84,"column":8},"end":{"line":91,"column":9}},"line":84},"6":{"name":"(anonymous_6)","decl":{"start":{"line":93,"column":13},"end":{"line":93,"column":14}},"loc":{"start":{"line":93,"column":20},"end":{"line":93,"column":34}},"line":93},"7":{"name":"(anonymous_7)","decl":{"start":{"line":95,"column":2},"end":{"line":95,"column":3}},"loc":{"start":{"line":102,"column":4},"end":{"line":118,"column":3}},"line":102},"8":{"name":"(anonymous_8)","decl":{"start":{"line":114,"column":6},"end":{"line":114,"column":7}},"loc":{"start":{"line":114,"column":12},"end":{"line":116,"column":7}},"line":114},"9":{"name":"(anonymous_9)","decl":{"start":{"line":119,"column":2},"end":{"line":119,"column":3}},"loc":{"start":{"line":119,"column":11},"end":{"line":144,"column":3}},"line":119}},"branchMap":{"0":{"loc":{"start":{"line":96,"column":4},"end":{"line":96,"column":18}},"type":"default-arg","locations":[{"start":{"line":96,"column":14},"end":{"line":96,"column":18}}],"line":96},"1":{"loc":{"start":{"line":97,"column":4},"end":{"line":97,"column":22}},"type":"default-arg","locations":[{"start":{"line":97,"column":18},"end":{"line":97,"column":22}}],"line":97},"2":{"loc":{"start":{"line":98,"column":4},"end":{"line":98,"column":18}},"type":"default-arg","locations":[{"start":{"line":98,"column":14},"end":{"line":98,"column":18}}],"line":98},"3":{"loc":{"start":{"line":99,"column":4},"end":{"line":99,"column":26}},"type":"default-arg","locations":[{"start":{"line":99,"column":22},"end":{"line":99,"column":26}}],"line":99},"4":{"loc":{"start":{"line":100,"column":4},"end":{"line":100,"column":23}},"type":"default-arg","locations":[{"start":{"line":100,"column":19},"end":{"line":100,"column":23}}],"line":100},"5":{"loc":{"start":{"line":101,"column":4},"end":{"line":101,"column":21}},"type":"default-arg","locations":[{"start":{"line":101,"column":17},"end":{"line":101,"column":21}}],"line":101},"6":{"loc":{"start":{"line":132,"column":11},"end":{"line":140,"column":11}},"type":"binary-expr","locations":[{"start":{"line":132,"column":11},"end":{"line":132,"column":27}},{"start":{"line":133,"column":12},"end":{"line":139,"column":19}}],"line":132}},"s":{"0":3,"1":4,"2":4,"3":4,"4":4,"5":4,"6":4,"7":0,"8":4,"9":4,"10":0,"11":0,"12":0,"13":1,"14":1,"15":6,"16":3},"f":{"0":4,"1":4,"2":0,"3":4,"4":0,"5":0,"6":0,"7":1,"8":1,"9":6},"b":{"0":[0],"1":[0],"2":[0],"3":[0],"4":[0],"5":[0],"6":[6,1]},"_coverageSchema":"43e27e138ebf9cfc5966b082cf9a028302ed4184","hash":"f8a0618ad9c1507c3a756ce8cf35f80b97309aa8"}
,"/Users/barazouri/workspace/feedMe-ReactNative/src/components/Profile/Profile.js": {"path":"/Users/barazouri/workspace/feedMe-ReactNative/src/components/Profile/Profile.js","statementMap":{"0":{"start":{"line":6,"column":15},"end":{"line":44,"column":2}},"1":{"start":{"line":48,"column":4},"end":{"line":48,"column":16}},"2":{"start":{"line":49,"column":4},"end":{"line":58,"column":5}},"3":{"start":{"line":60,"column":4},"end":{"line":60,"column":42}},"4":{"start":{"line":61,"column":4},"end":{"line":61,"column":34}},"5":{"start":{"line":62,"column":4},"end":{"line":62,"column":40}},"6":{"start":{"line":63,"column":4},"end":{"line":63,"column":48}},"7":{"start":{"line":64,"column":4},"end":{"line":64,"column":36}},"8":{"start":{"line":65,"column":4},"end":{"line":65,"column":56}},"9":{"start":{"line":66,"column":4},"end":{"line":66,"column":62}},"10":{"start":{"line":67,"column":4},"end":{"line":67,"column":56}},"11":{"start":{"line":68,"column":4},"end":{"line":68,"column":50}},"12":{"start":{"line":72,"column":4},"end":{"line":72,"column":18}},"13":{"start":{"line":76,"column":4},"end":{"line":76,"column":38}},"14":{"start":{"line":77,"column":4},"end":{"line":77,"column":26}},"15":{"start":{"line":81,"column":4},"end":{"line":81,"column":34}},"16":{"start":{"line":82,"column":16},"end":{"line":82,"column":113}},"17":{"start":{"line":83,"column":4},"end":{"line":90,"column":35}},"18":{"start":{"line":84,"column":19},"end":{"line":84,"column":29}},"19":{"start":{"line":86,"column":8},"end":{"line":88,"column":9}},"20":{"start":{"line":87,"column":10},"end":{"line":87,"column":98}},"21":{"start":{"line":90,"column":20},"end":{"line":90,"column":34}},"22":{"start":{"line":94,"column":4},"end":{"line":102,"column":7}},"23":{"start":{"line":94,"column":25},"end":{"line":102,"column":5}},"24":{"start":{"line":105,"column":4},"end":{"line":105,"column":36}},"25":{"start":{"line":109,"column":21},"end":{"line":109,"column":80}},"26":{"start":{"line":110,"column":25},"end":{"line":110,"column":96}},"27":{"start":{"line":111,"column":21},"end":{"line":111,"column":80}},"28":{"start":{"line":112,"column":16},"end":{"line":112,"column":60}},"29":{"start":{"line":113,"column":4},"end":{"line":121,"column":35}},"30":{"start":{"line":120,"column":19},"end":{"line":120,"column":29}},"31":{"start":{"line":121,"column":20},"end":{"line":121,"column":34}},"32":{"start":{"line":122,"column":4},"end":{"line":129,"column":6}},"33":{"start":{"line":133,"column":4},"end":{"line":133,"column":22}},"34":{"start":{"line":134,"column":4},"end":{"line":134,"column":37}},"35":{"start":{"line":138,"column":4},"end":{"line":138,"column":29}},"36":{"start":{"line":141,"column":4},"end":{"line":141,"column":25}},"37":{"start":{"line":144,"column":4},"end":{"line":144,"column":25}},"38":{"start":{"line":148,"column":4},"end":{"line":183,"column":5}},"39":{"start":{"line":186,"column":4},"end":{"line":201,"column":5}},"40":{"start":{"line":197,"column":33},"end":{"line":197,"column":44}},"41":{"start":{"line":204,"column":4},"end":{"line":204,"column":67}},"42":{"start":{"line":207,"column":0},"end":{"line":209,"column":1}}},"fnMap":{"0":{"name":"(anonymous_0)","decl":{"start":{"line":47,"column":2},"end":{"line":47,"column":3}},"loc":{"start":{"line":47,"column":21},"end":{"line":69,"column":3}},"line":47},"1":{"name":"(anonymous_1)","decl":{"start":{"line":71,"column":2},"end":{"line":71,"column":3}},"loc":{"start":{"line":71,"column":22},"end":{"line":73,"column":3}},"line":71},"2":{"name":"(anonymous_2)","decl":{"start":{"line":75,"column":2},"end":{"line":75,"column":3}},"loc":{"start":{"line":75,"column":11},"end":{"line":78,"column":3}},"line":75},"3":{"name":"(anonymous_3)","decl":{"start":{"line":80,"column":2},"end":{"line":80,"column":3}},"loc":{"start":{"line":80,"column":12},"end":{"line":91,"column":3}},"line":80},"4":{"name":"(anonymous_4)","decl":{"start":{"line":84,"column":12},"end":{"line":84,"column":13}},"loc":{"start":{"line":84,"column":19},"end":{"line":84,"column":29}},"line":84},"5":{"name":"(anonymous_5)","decl":{"start":{"line":85,"column":12},"end":{"line":85,"column":13}},"loc":{"start":{"line":86,"column":8},"end":{"line":88,"column":9}},"line":86},"6":{"name":"(anonymous_6)","decl":{"start":{"line":86,"column":17},"end":{"line":86,"column":18}},"loc":{"start":{"line":87,"column":10},"end":{"line":87,"column":98}},"line":87},"7":{"name":"(anonymous_7)","decl":{"start":{"line":90,"column":13},"end":{"line":90,"column":14}},"loc":{"start":{"line":90,"column":20},"end":{"line":90,"column":34}},"line":90},"8":{"name":"(anonymous_8)","decl":{"start":{"line":93,"column":2},"end":{"line":93,"column":3}},"loc":{"start":{"line":93,"column":82},"end":{"line":103,"column":3}},"line":93},"9":{"name":"(anonymous_9)","decl":{"start":{"line":94,"column":18},"end":{"line":94,"column":19}},"loc":{"start":{"line":94,"column":25},"end":{"line":102,"column":5}},"line":94},"10":{"name":"(anonymous_10)","decl":{"start":{"line":104,"column":2},"end":{"line":104,"column":3}},"loc":{"start":{"line":104,"column":9},"end":{"line":106,"column":3}},"line":104},"11":{"name":"(anonymous_11)","decl":{"start":{"line":108,"column":2},"end":{"line":108,"column":3}},"loc":{"start":{"line":108,"column":16},"end":{"line":130,"column":3}},"line":108},"12":{"name":"(anonymous_12)","decl":{"start":{"line":120,"column":12},"end":{"line":120,"column":13}},"loc":{"start":{"line":120,"column":19},"end":{"line":120,"column":29}},"line":120},"13":{"name":"(anonymous_13)","decl":{"start":{"line":121,"column":13},"end":{"line":121,"column":14}},"loc":{"start":{"line":121,"column":20},"end":{"line":121,"column":34}},"line":121},"14":{"name":"(anonymous_14)","decl":{"start":{"line":132,"column":2},"end":{"line":132,"column":3}},"loc":{"start":{"line":132,"column":15},"end":{"line":135,"column":3}},"line":132},"15":{"name":"(anonymous_15)","decl":{"start":{"line":137,"column":2},"end":{"line":137,"column":3}},"loc":{"start":{"line":137,"column":27},"end":{"line":139,"column":3}},"line":137},"16":{"name":"(anonymous_16)","decl":{"start":{"line":140,"column":2},"end":{"line":140,"column":3}},"loc":{"start":{"line":140,"column":24},"end":{"line":142,"column":3}},"line":140},"17":{"name":"(anonymous_17)","decl":{"start":{"line":143,"column":2},"end":{"line":143,"column":3}},"loc":{"start":{"line":143,"column":24},"end":{"line":145,"column":3}},"line":143},"18":{"name":"(anonymous_18)","decl":{"start":{"line":147,"column":2},"end":{"line":147,"column":3}},"loc":{"start":{"line":147,"column":15},"end":{"line":184,"column":3}},"line":147},"19":{"name":"(anonymous_19)","decl":{"start":{"line":185,"column":2},"end":{"line":185,"column":3}},"loc":{"start":{"line":185,"column":13},"end":{"line":202,"column":3}},"line":185},"20":{"name":"(anonymous_20)","decl":{"start":{"line":197,"column":27},"end":{"line":197,"column":28}},"loc":{"start":{"line":197,"column":33},"end":{"line":197,"column":44}},"line":197},"21":{"name":"(anonymous_21)","decl":{"start":{"line":203,"column":2},"end":{"line":203,"column":3}},"loc":{"start":{"line":203,"column":11},"end":{"line":205,"column":3}},"line":203}},"branchMap":{"0":{"loc":{"start":{"line":76,"column":20},"end":{"line":76,"column":38}},"type":"binary-expr","locations":[{"start":{"line":76,"column":20},"end":{"line":76,"column":33}},{"start":{"line":76,"column":37},"end":{"line":76,"column":38}}],"line":76},"1":{"loc":{"start":{"line":93,"column":6},"end":{"line":93,"column":25}},"type":"default-arg","locations":[{"start":{"line":93,"column":21},"end":{"line":93,"column":25}}],"line":93},"2":{"loc":{"start":{"line":93,"column":27},"end":{"line":93,"column":46}},"type":"default-arg","locations":[{"start":{"line":93,"column":42},"end":{"line":93,"column":46}}],"line":93},"3":{"loc":{"start":{"line":93,"column":48},"end":{"line":93,"column":63}},"type":"default-arg","locations":[{"start":{"line":93,"column":59},"end":{"line":93,"column":63}}],"line":93},"4":{"loc":{"start":{"line":93,"column":65},"end":{"line":93,"column":80}},"type":"default-arg","locations":[{"start":{"line":93,"column":76},"end":{"line":93,"column":80}}],"line":93},"5":{"loc":{"start":{"line":109,"column":21},"end":{"line":109,"column":80}},"type":"cond-expr","locations":[{"start":{"line":109,"column":37},"end":{"line":109,"column":50}},{"start":{"line":109,"column":53},"end":{"line":109,"column":80}}],"line":109},"6":{"loc":{"start":{"line":110,"column":25},"end":{"line":110,"column":96}},"type":"cond-expr","locations":[{"start":{"line":110,"column":45},"end":{"line":110,"column":62}},{"start":{"line":110,"column":65},"end":{"line":110,"column":96}}],"line":110},"7":{"loc":{"start":{"line":111,"column":21},"end":{"line":111,"column":80}},"type":"cond-expr","locations":[{"start":{"line":111,"column":37},"end":{"line":111,"column":50}},{"start":{"line":111,"column":53},"end":{"line":111,"column":80}}],"line":111},"8":{"loc":{"start":{"line":204,"column":11},"end":{"line":204,"column":67}},"type":"cond-expr","locations":[{"start":{"line":204,"column":32},"end":{"line":204,"column":49}},{"start":{"line":204,"column":52},"end":{"line":204,"column":67}}],"line":204}},"s":{"0":1,"1":4,"2":4,"3":4,"4":4,"5":4,"6":4,"7":4,"8":4,"9":4,"10":4,"11":4,"12":4,"13":5,"14":5,"15":4,"16":4,"17":4,"18":0,"19":0,"20":0,"21":0,"22":1,"23":1,"24":1,"25":0,"26":0,"27":0,"28":0,"29":0,"30":0,"31":0,"32":0,"33":0,"34":0,"35":0,"36":0,"37":0,"38":1,"39":9,"40":0,"41":10,"42":1},"f":{"0":4,"1":4,"2":5,"3":4,"4":0,"5":0,"6":0,"7":0,"8":1,"9":1,"10":1,"11":0,"12":0,"13":0,"14":0,"15":0,"16":0,"17":0,"18":1,"19":9,"20":0,"21":10},"b":{"0":[5,4],"1":[0],"2":[0],"3":[0],"4":[0],"5":[0,0],"6":[0,0],"7":[0,0],"8":[1,9]},"_coverageSchema":"43e27e138ebf9cfc5966b082cf9a028302ed4184","hash":"aa083ba9307ff2866e587c563fb384310d6ca5a2"}
,"/Users/barazouri/workspace/feedMe-ReactNative/src/components/Register/Register.js": {"path":"/Users/barazouri/workspace/feedMe-ReactNative/src/components/Register/Register.js","statementMap":{"0":{"start":{"line":7,"column":15},"end":{"line":28,"column":2}},"1":{"start":{"line":33,"column":4},"end":{"line":33,"column":16}},"2":{"start":{"line":34,"column":4},"end":{"line":39,"column":5}},"3":{"start":{"line":40,"column":4},"end":{"line":40,"column":52}},"4":{"start":{"line":41,"column":4},"end":{"line":41,"column":40}},"5":{"start":{"line":42,"column":4},"end":{"line":42,"column":46}},"6":{"start":{"line":46,"column":4},"end":{"line":54,"column":5}},"7":{"start":{"line":51,"column":33},"end":{"line":51,"column":61}},"8":{"start":{"line":58,"column":19},"end":{"line":62,"column":6}},"9":{"start":{"line":63,"column":4},"end":{"line":83,"column":5}},"10":{"start":{"line":64,"column":6},"end":{"line":82,"column":7}},"11":{"start":{"line":72,"column":10},"end":{"line":72,"column":57}},"12":{"start":{"line":73,"column":22},"end":{"line":73,"column":65}},"13":{"start":{"line":74,"column":10},"end":{"line":80,"column":12}},"14":{"start":{"line":86,"column":4},"end":{"line":91,"column":5}},"15":{"start":{"line":89,"column":59},"end":{"line":89,"column":73}},"16":{"start":{"line":94,"column":4},"end":{"line":102,"column":5}},"17":{"start":{"line":106,"column":0},"end":{"line":109,"column":1}}},"fnMap":{"0":{"name":"(anonymous_0)","decl":{"start":{"line":32,"column":2},"end":{"line":32,"column":3}},"loc":{"start":{"line":32,"column":21},"end":{"line":43,"column":3}},"line":32},"1":{"name":"(anonymous_1)","decl":{"start":{"line":45,"column":2},"end":{"line":45,"column":3}},"loc":{"start":{"line":45,"column":22},"end":{"line":55,"column":3}},"line":45},"2":{"name":"(anonymous_2)","decl":{"start":{"line":51,"column":27},"end":{"line":51,"column":28}},"loc":{"start":{"line":51,"column":33},"end":{"line":51,"column":61}},"line":51},"3":{"name":"(anonymous_3)","decl":{"start":{"line":57,"column":2},"end":{"line":57,"column":3}},"loc":{"start":{"line":57,"column":17},"end":{"line":84,"column":3}},"line":57},"4":{"name":"(anonymous_4)","decl":{"start":{"line":71,"column":8},"end":{"line":71,"column":9}},"loc":{"start":{"line":71,"column":14},"end":{"line":81,"column":9}},"line":71},"5":{"name":"(anonymous_5)","decl":{"start":{"line":85,"column":2},"end":{"line":85,"column":3}},"loc":{"start":{"line":85,"column":19},"end":{"line":92,"column":3}},"line":85},"6":{"name":"(anonymous_6)","decl":{"start":{"line":89,"column":53},"end":{"line":89,"column":54}},"loc":{"start":{"line":89,"column":59},"end":{"line":89,"column":73}},"line":89},"7":{"name":"(anonymous_7)","decl":{"start":{"line":93,"column":2},"end":{"line":93,"column":3}},"loc":{"start":{"line":93,"column":11},"end":{"line":103,"column":3}},"line":93}},"branchMap":{"0":{"loc":{"start":{"line":63,"column":4},"end":{"line":83,"column":5}},"type":"if","locations":[{"start":{"line":63,"column":4},"end":{"line":83,"column":5}},{"start":{"line":63,"column":4},"end":{"line":83,"column":5}}],"line":63},"1":{"loc":{"start":{"line":96,"column":9},"end":{"line":100,"column":9}},"type":"cond-expr","locations":[{"start":{"line":97,"column":10},"end":{"line":97,"column":85}},{"start":{"line":99,"column":10},"end":{"line":99,"column":49}}],"line":96}},"s":{"0":1,"1":3,"2":3,"3":3,"4":3,"5":3,"6":0,"7":0,"8":0,"9":0,"10":0,"11":0,"12":0,"13":0,"14":3,"15":0,"16":3,"17":1},"f":{"0":3,"1":0,"2":0,"3":0,"4":0,"5":3,"6":0,"7":3},"b":{"0":[0,0],"1":[0,3]},"_coverageSchema":"43e27e138ebf9cfc5966b082cf9a028302ed4184","hash":"5cf30b21081d4554668ac1c34f030f36da602b4d"}
,"/Users/barazouri/workspace/feedMe-ReactNative/src/components/Search/Search.js": {"path":"/Users/barazouri/workspace/feedMe-ReactNative/src/components/Search/Search.js","statementMap":{"0":{"start":{"line":22,"column":15},"end":{"line":103,"column":2}},"1":{"start":{"line":107,"column":4},"end":{"line":107,"column":16}},"2":{"start":{"line":108,"column":4},"end":{"line":117,"column":5}},"3":{"start":{"line":118,"column":4},"end":{"line":118,"column":37}},"4":{"start":{"line":119,"column":4},"end":{"line":119,"column":46}},"5":{"start":{"line":120,"column":4},"end":{"line":120,"column":40}},"6":{"start":{"line":121,"column":4},"end":{"line":121,"column":58}},"7":{"start":{"line":122,"column":4},"end":{"line":122,"column":78}},"8":{"start":{"line":123,"column":4},"end":{"line":123,"column":50}},"9":{"start":{"line":127,"column":4},"end":{"line":137,"column":5}},"10":{"start":{"line":128,"column":6},"end":{"line":128,"column":40}},"11":{"start":{"line":129,"column":6},"end":{"line":129,"column":38}},"12":{"start":{"line":130,"column":18},"end":{"line":130,"column":207}},"13":{"start":{"line":131,"column":18},"end":{"line":131,"column":39}},"14":{"start":{"line":132,"column":19},"end":{"line":132,"column":35}},"15":{"start":{"line":133,"column":6},"end":{"line":133,"column":84}},"16":{"start":{"line":133,"column":23},"end":{"line":133,"column":83}},"17":{"start":{"line":134,"column":6},"end":{"line":134,"column":39}},"18":{"start":{"line":136,"column":6},"end":{"line":136,"column":27}},"19":{"start":{"line":140,"column":4},"end":{"line":150,"column":7}},"20":{"start":{"line":140,"column":32},"end":{"line":150,"column":5}},"21":{"start":{"line":154,"column":4},"end":{"line":154,"column":38}},"22":{"start":{"line":155,"column":4},"end":{"line":155,"column":26}},"23":{"start":{"line":159,"column":16},"end":{"line":159,"column":60}},"24":{"start":{"line":160,"column":4},"end":{"line":168,"column":35}},"25":{"start":{"line":167,"column":19},"end":{"line":167,"column":29}},"26":{"start":{"line":168,"column":20},"end":{"line":168,"column":34}},"27":{"start":{"line":172,"column":4},"end":{"line":172,"column":39}},"28":{"start":{"line":173,"column":4},"end":{"line":173,"column":75}},"29":{"start":{"line":176,"column":4},"end":{"line":176,"column":75}},"30":{"start":{"line":180,"column":4},"end":{"line":253,"column":7}},"31":{"start":{"line":181,"column":6},"end":{"line":253,"column":7}},"32":{"start":{"line":192,"column":42},"end":{"line":192,"column":81}},"33":{"start":{"line":195,"column":16},"end":{"line":195,"column":75}},"34":{"start":{"line":202,"column":42},"end":{"line":202,"column":82}},"35":{"start":{"line":205,"column":16},"end":{"line":205,"column":75}},"36":{"start":{"line":212,"column":42},"end":{"line":212,"column":81}},"37":{"start":{"line":215,"column":16},"end":{"line":215,"column":75}},"38":{"start":{"line":233,"column":16},"end":{"line":246,"column":17}},"39":{"start":{"line":237,"column":37},"end":{"line":237,"column":63}},"40":{"start":{"line":242,"column":53},"end":{"line":242,"column":79}},"41":{"start":{"line":248,"column":36},"end":{"line":248,"column":54}},"42":{"start":{"line":254,"column":4},"end":{"line":259,"column":5}},"43":{"start":{"line":262,"column":0},"end":{"line":264,"column":1}}},"fnMap":{"0":{"name":"(anonymous_0)","decl":{"start":{"line":106,"column":2},"end":{"line":106,"column":3}},"loc":{"start":{"line":106,"column":21},"end":{"line":124,"column":3}},"line":106},"1":{"name":"(anonymous_1)","decl":{"start":{"line":126,"column":2},"end":{"line":126,"column":3}},"loc":{"start":{"line":126,"column":22},"end":{"line":138,"column":3}},"line":126},"2":{"name":"(anonymous_2)","decl":{"start":{"line":133,"column":15},"end":{"line":133,"column":16}},"loc":{"start":{"line":133,"column":23},"end":{"line":133,"column":83}},"line":133},"3":{"name":"(anonymous_3)","decl":{"start":{"line":139,"column":2},"end":{"line":139,"column":3}},"loc":{"start":{"line":139,"column":64},"end":{"line":151,"column":3}},"line":139},"4":{"name":"(anonymous_4)","decl":{"start":{"line":140,"column":18},"end":{"line":140,"column":19}},"loc":{"start":{"line":140,"column":32},"end":{"line":150,"column":5}},"line":140},"5":{"name":"(anonymous_5)","decl":{"start":{"line":153,"column":2},"end":{"line":153,"column":3}},"loc":{"start":{"line":153,"column":11},"end":{"line":156,"column":3}},"line":153},"6":{"name":"(anonymous_6)","decl":{"start":{"line":158,"column":2},"end":{"line":158,"column":3}},"loc":{"start":{"line":158,"column":28},"end":{"line":169,"column":3}},"line":158},"7":{"name":"(anonymous_7)","decl":{"start":{"line":167,"column":12},"end":{"line":167,"column":13}},"loc":{"start":{"line":167,"column":19},"end":{"line":167,"column":29}},"line":167},"8":{"name":"(anonymous_8)","decl":{"start":{"line":168,"column":13},"end":{"line":168,"column":14}},"loc":{"start":{"line":168,"column":20},"end":{"line":168,"column":34}},"line":168},"9":{"name":"(anonymous_9)","decl":{"start":{"line":171,"column":2},"end":{"line":171,"column":3}},"loc":{"start":{"line":171,"column":24},"end":{"line":174,"column":3}},"line":171},"10":{"name":"(anonymous_10)","decl":{"start":{"line":175,"column":2},"end":{"line":175,"column":3}},"loc":{"start":{"line":175,"column":30},"end":{"line":177,"column":3}},"line":175},"11":{"name":"(anonymous_11)","decl":{"start":{"line":179,"column":2},"end":{"line":179,"column":3}},"loc":{"start":{"line":179,"column":11},"end":{"line":260,"column":3}},"line":179},"12":{"name":"(anonymous_12)","decl":{"start":{"line":192,"column":29},"end":{"line":192,"column":30}},"loc":{"start":{"line":192,"column":42},"end":{"line":192,"column":81}},"line":192},"13":{"name":"(anonymous_13)","decl":{"start":{"line":194,"column":34},"end":{"line":194,"column":35}},"loc":{"start":{"line":195,"column":16},"end":{"line":195,"column":75}},"line":195},"14":{"name":"(anonymous_14)","decl":{"start":{"line":202,"column":29},"end":{"line":202,"column":30}},"loc":{"start":{"line":202,"column":42},"end":{"line":202,"column":82}},"line":202},"15":{"name":"(anonymous_15)","decl":{"start":{"line":204,"column":34},"end":{"line":204,"column":35}},"loc":{"start":{"line":205,"column":16},"end":{"line":205,"column":75}},"line":205},"16":{"name":"(anonymous_16)","decl":{"start":{"line":212,"column":29},"end":{"line":212,"column":30}},"loc":{"start":{"line":212,"column":42},"end":{"line":212,"column":81}},"line":212},"17":{"name":"(anonymous_17)","decl":{"start":{"line":214,"column":34},"end":{"line":214,"column":35}},"loc":{"start":{"line":215,"column":16},"end":{"line":215,"column":75}},"line":215},"18":{"name":"(anonymous_18)","decl":{"start":{"line":232,"column":26},"end":{"line":232,"column":27}},"loc":{"start":{"line":232,"column":40},"end":{"line":247,"column":15}},"line":232},"19":{"name":"(anonymous_19)","decl":{"start":{"line":237,"column":31},"end":{"line":237,"column":32}},"loc":{"start":{"line":237,"column":37},"end":{"line":237,"column":63}},"line":237},"20":{"name":"(anonymous_20)","decl":{"start":{"line":242,"column":47},"end":{"line":242,"column":48}},"loc":{"start":{"line":242,"column":53},"end":{"line":242,"column":79}},"line":242},"21":{"name":"(anonymous_21)","decl":{"start":{"line":248,"column":28},"end":{"line":248,"column":29}},"loc":{"start":{"line":248,"column":36},"end":{"line":248,"column":54}},"line":248}},"branchMap":{"0":{"loc":{"start":{"line":139,"column":12},"end":{"line":139,"column":26}},"type":"default-arg","locations":[{"start":{"line":139,"column":22},"end":{"line":139,"column":26}}],"line":139},"1":{"loc":{"start":{"line":139,"column":28},"end":{"line":139,"column":47}},"type":"default-arg","locations":[{"start":{"line":139,"column":43},"end":{"line":139,"column":47}}],"line":139},"2":{"loc":{"start":{"line":139,"column":49},"end":{"line":139,"column":62}},"type":"default-arg","locations":[{"start":{"line":139,"column":58},"end":{"line":139,"column":62}}],"line":139},"3":{"loc":{"start":{"line":154,"column":20},"end":{"line":154,"column":38}},"type":"binary-expr","locations":[{"start":{"line":154,"column":20},"end":{"line":154,"column":33}},{"start":{"line":154,"column":37},"end":{"line":154,"column":38}}],"line":154},"4":{"loc":{"start":{"line":180,"column":4},"end":{"line":253,"column":7}},"type":"if","locations":[{"start":{"line":180,"column":4},"end":{"line":253,"column":7}},{"start":{"line":180,"column":4},"end":{"line":253,"column":7}}],"line":180},"5":{"loc":{"start":{"line":184,"column":19},"end":{"line":184,"column":81}},"type":"cond-expr","locations":[{"start":{"line":184,"column":51},"end":{"line":184,"column":68}},{"start":{"line":184,"column":71},"end":{"line":184,"column":81}}],"line":184},"6":{"loc":{"start":{"line":224,"column":13},"end":{"line":228,"column":13}},"type":"binary-expr","locations":[{"start":{"line":224,"column":13},"end":{"line":224,"column":31}},{"start":{"line":225,"column":14},"end":{"line":227,"column":21}}],"line":224}},"s":{"0":1,"1":6,"2":6,"3":6,"4":6,"5":6,"6":6,"7":6,"8":6,"9":1,"10":1,"11":1,"12":1,"13":1,"14":1,"15":1,"16":0,"17":1,"18":0,"19":0,"20":0,"21":0,"22":0,"23":0,"24":0,"25":0,"26":0,"27":2,"28":2,"29":0,"30":11,"31":9,"32":0,"33":333,"34":0,"35":333,"36":0,"37":333,"38":0,"39":0,"40":0,"41":0,"42":2,"43":1},"f":{"0":6,"1":1,"2":0,"3":0,"4":0,"5":0,"6":0,"7":0,"8":0,"9":2,"10":0,"11":11,"12":0,"13":333,"14":0,"15":333,"16":0,"17":333,"18":0,"19":0,"20":0,"21":0},"b":{"0":[0],"1":[0],"2":[0],"3":[0,0],"4":[9,2],"5":[0,9],"6":[9,1]},"_coverageSchema":"43e27e138ebf9cfc5966b082cf9a028302ed4184","hash":"b38480b3fa802ecae09b333c789e69187d976910"}
,"/Users/barazouri/workspace/feedMe-ReactNative/src/components/Search/ingredientList.js": {"path":"/Users/barazouri/workspace/feedMe-ReactNative/src/components/Search/ingredientList.js","statementMap":{"0":{"start":{"line":1,"column":23},"end":{"line":257,"column":1}}},"fnMap":{},"branchMap":{},"s":{"0":1},"f":{},"b":{},"_coverageSchema":"43e27e138ebf9cfc5966b082cf9a028302ed4184","hash":"fed00f0ae4316f3e45c7798bd162a0cbcfe46172"}
,"/Users/barazouri/workspace/feedMe-ReactNative/src/components/photos/searchPhoto.jpeg": {"path":"/Users/barazouri/workspace/feedMe-ReactNative/src/components/photos/searchPhoto.jpeg","statementMap":{"0":{"start":{"line":1,"column":0},"end":{"line":4,"column":6}}},"fnMap":{},"branchMap":{},"s":{"0":2},"f":{},"b":{},"_coverageSchema":"43e27e138ebf9cfc5966b082cf9a028302ed4184","hash":"393e0c28586a9699576f59e55b1b86f580127f70"}
}
