TN:
SF:/Users/barazouri/workspace/feedMe-ReactNative/superSecretKey.js
FNF:0
FNH:0
DA:1,1
DA:2,1
LF:2
LH:2
BRF:0
BRH:0
end_of_record
TN:
SF:/Users/barazouri/workspace/feedMe-ReactNative/src/components/Favorites/Favorites.js
FN:57,(anonymous_0)
FN:76,(anonymous_1)
FN:79,(anonymous_2)
FN:86,(anonymous_3)
FN:93,(anonymous_4)
FN:98,(anonymous_5)
FN:106,(anonymous_6)
FN:115,(anonymous_7)
FN:116,(anonymous_8)
FN:117,(anonymous_9)
FN:121,(anonymous_10)
FN:125,(anonymous_11)
FN:126,(anonymous_12)
FN:139,(anonymous_13)
FN:143,(anonymous_14)
FN:146,(anonymous_15)
FN:160,(anonymous_16)
FN:164,(anonymous_17)
FN:167,(anonymous_18)
FN:171,(anonymous_19)
FN:178,(anonymous_20)
FNF:21
FNH:12
FNDA:5,(anonymous_0)
FNDA:5,(anonymous_1)
FNDA:0,(anonymous_2)
FNDA:0,(anonymous_3)
FNDA:6,(anonymous_4)
FNDA:8,(anonymous_5)
FNDA:0,(anonymous_6)
FNDA:0,(anonymous_7)
FNDA:0,(anonymous_8)
FNDA:0,(anonymous_9)
FNDA:8,(anonymous_10)
FNDA:8,(anonymous_11)
FNDA:8,(anonymous_12)
FNDA:1,(anonymous_13)
FNDA:1,(anonymous_14)
FNDA:15,(anonymous_15)
FNDA:0,(anonymous_16)
FNDA:0,(anonymous_17)
FNDA:0,(anonymous_18)
FNDA:4,(anonymous_19)
FNDA:17,(anonymous_20)
DA:17,1
DA:58,5
DA:59,5
DA:65,5
DA:66,5
DA:67,5
DA:68,5
DA:69,5
DA:70,5
DA:71,5
DA:72,5
DA:73,5
DA:74,5
DA:77,5
DA:80,0
DA:87,0
DA:94,6
DA:95,6
DA:96,6
DA:97,2
DA:98,2
DA:99,8
DA:101,2
DA:103,0
DA:107,0
DA:108,0
DA:115,0
DA:116,0
DA:117,0
DA:118,0
DA:122,8
DA:123,8
DA:126,8
DA:140,1
DA:141,1
DA:144,1
DA:147,15
DA:161,0
DA:164,0
DA:167,0
DA:171,4
DA:179,17
DA:180,2
DA:189,1
LF:44
LH:32
BRDA:122,0,0,8
BRDA:122,0,1,2
BRDA:125,1,0,0
BRDA:125,2,0,0
BRDA:125,3,0,0
BRDA:125,4,0,0
BRDA:150,5,0,15
BRDA:150,5,1,13
BRDA:155,6,0,15
BRDA:155,6,1,2
BRDA:179,7,0,15
BRDA:179,7,1,2
BRF:12
BRH:8
end_of_record
TN:
SF:/Users/barazouri/workspace/feedMe-ReactNative/src/components/Instruction/Instruction.js
FN:56,(anonymous_0)
FN:73,(anonymous_1)
FN:76,(anonymous_2)
FN:79,(anonymous_3)
FN:82,(anonymous_4)
FN:83,(anonymous_5)
FN:93,(anonymous_6)
FN:95,(anonymous_7)
FN:114,(anonymous_8)
FN:119,(anonymous_9)
FNF:10
FNH:6
FNDA:4,(anonymous_0)
FNDA:4,(anonymous_1)
FNDA:0,(anonymous_2)
FNDA:4,(anonymous_3)
FNDA:0,(anonymous_4)
FNDA:0,(anonymous_5)
FNDA:0,(anonymous_6)
FNDA:1,(anonymous_7)
FNDA:1,(anonymous_8)
FNDA:6,(anonymous_9)
DA:9,3
DA:57,4
DA:58,4
DA:69,4
DA:70,4
DA:71,4
DA:74,4
DA:77,0
DA:80,4
DA:81,4
DA:82,0
DA:84,0
DA:93,0
DA:103,1
DA:115,1
DA:120,6
DA:146,3
LF:17
LH:13
BRDA:96,0,0,0
BRDA:97,1,0,0
BRDA:98,2,0,0
BRDA:99,3,0,0
BRDA:100,4,0,0
BRDA:101,5,0,0
BRDA:132,6,0,6
BRDA:132,6,1,1
BRF:8
BRH:2
end_of_record
TN:
SF:/Users/barazouri/workspace/feedMe-ReactNative/src/components/Profile/Profile.js
FN:47,(anonymous_0)
FN:71,(anonymous_1)
FN:75,(anonymous_2)
FN:80,(anonymous_3)
FN:84,(anonymous_4)
FN:85,(anonymous_5)
FN:86,(anonymous_6)
FN:90,(anonymous_7)
FN:93,(anonymous_8)
FN:94,(anonymous_9)
FN:104,(anonymous_10)
FN:108,(anonymous_11)
FN:120,(anonymous_12)
FN:121,(anonymous_13)
FN:132,(anonymous_14)
FN:137,(anonymous_15)
FN:140,(anonymous_16)
FN:143,(anonymous_17)
FN:147,(anonymous_18)
FN:185,(anonymous_19)
FN:197,(anonymous_20)
FN:203,(anonymous_21)
FNF:22
FNH:15
FNDA:6,(anonymous_0)
FNDA:6,(anonymous_1)
FNDA:7,(anonymous_2)
FNDA:6,(anonymous_3)
FNDA:0,(anonymous_4)
FNDA:0,(anonymous_5)
FNDA:0,(anonymous_6)
FNDA:0,(anonymous_7)
FNDA:1,(anonymous_8)
FNDA:1,(anonymous_9)
FNDA:1,(anonymous_10)
FNDA:1,(anonymous_11)
FNDA:0,(anonymous_12)
FNDA:0,(anonymous_13)
FNDA:1,(anonymous_14)
FNDA:1,(anonymous_15)
FNDA:1,(anonymous_16)
FNDA:1,(anonymous_17)
FNDA:2,(anonymous_18)
FNDA:14,(anonymous_19)
FNDA:0,(anonymous_20)
FNDA:16,(anonymous_21)
DA:6,1
DA:48,6
DA:49,6
DA:60,6
DA:61,6
DA:62,6
DA:63,6
DA:64,6
DA:65,6
DA:66,6
DA:67,6
DA:68,6
DA:72,6
DA:76,7
DA:77,7
DA:81,6
DA:82,6
DA:83,6
DA:84,0
DA:86,0
DA:87,0
DA:90,0
DA:94,1
DA:105,1
DA:109,1
DA:110,1
DA:111,1
DA:112,1
DA:113,1
DA:120,0
DA:121,0
DA:122,1
DA:133,1
DA:134,1
DA:138,1
DA:141,1
DA:144,1
DA:148,2
DA:186,14
DA:197,0
DA:204,16
DA:207,1
LF:42
LH:35
BRDA:76,0,0,7
BRDA:76,0,1,6
BRDA:93,1,0,0
BRDA:93,2,0,0
BRDA:93,3,0,0
BRDA:93,4,0,0
BRDA:109,5,0,0
BRDA:109,5,1,1
BRDA:110,6,0,0
BRDA:110,6,1,1
BRDA:111,7,0,0
BRDA:111,7,1,1
BRDA:204,8,0,2
BRDA:204,8,1,14
BRF:14
BRH:7
end_of_record
TN:
SF:/Users/barazouri/workspace/feedMe-ReactNative/src/components/Register/Register.js
FN:32,(anonymous_0)
FN:45,(anonymous_1)
FN:51,(anonymous_2)
FN:57,(anonymous_3)
FN:71,(anonymous_4)
FN:85,(anonymous_5)
FN:89,(anonymous_6)
FN:93,(anonymous_7)
FNF:8
FNH:3
FNDA:3,(anonymous_0)
FNDA:0,(anonymous_1)
FNDA:0,(anonymous_2)
FNDA:0,(anonymous_3)
FNDA:0,(anonymous_4)
FNDA:3,(anonymous_5)
FNDA:0,(anonymous_6)
FNDA:3,(anonymous_7)
DA:7,1
DA:33,3
DA:34,3
DA:40,3
DA:41,3
DA:42,3
DA:46,0
DA:51,0
DA:58,0
DA:63,0
DA:64,0
DA:72,0
DA:73,0
DA:74,0
DA:86,3
DA:89,0
DA:94,3
DA:106,1
LF:18
LH:9
BRDA:63,0,0,0
BRDA:63,0,1,0
BRDA:96,1,0,0
BRDA:96,1,1,3
BRF:4
BRH:1
end_of_record
TN:
SF:/Users/barazouri/workspace/feedMe-ReactNative/src/components/Search/Search.js
FN:106,(anonymous_0)
FN:126,(anonymous_1)
FN:133,(anonymous_2)
FN:139,(anonymous_3)
FN:140,(anonymous_4)
FN:153,(anonymous_5)
FN:158,(anonymous_6)
FN:167,(anonymous_7)
FN:168,(anonymous_8)
FN:171,(anonymous_9)
FN:175,(anonymous_10)
FN:179,(anonymous_11)
FN:192,(anonymous_12)
FN:194,(anonymous_13)
FN:202,(anonymous_14)
FN:204,(anonymous_15)
FN:212,(anonymous_16)
FN:214,(anonymous_17)
FN:232,(anonymous_18)
FN:237,(anonymous_19)
FN:242,(anonymous_20)
FN:248,(anonymous_21)
FNF:22
FNH:8
FNDA:6,(anonymous_0)
FNDA:1,(anonymous_1)
FNDA:0,(anonymous_2)
FNDA:0,(anonymous_3)
FNDA:0,(anonymous_4)
FNDA:0,(anonymous_5)
FNDA:0,(anonymous_6)
FNDA:0,(anonymous_7)
FNDA:0,(anonymous_8)
FNDA:1,(anonymous_9)
FNDA:1,(anonymous_10)
FNDA:11,(anonymous_11)
FNDA:0,(anonymous_12)
FNDA:333,(anonymous_13)
FNDA:0,(anonymous_14)
FNDA:333,(anonymous_15)
FNDA:0,(anonymous_16)
FNDA:333,(anonymous_17)
FNDA:0,(anonymous_18)
FNDA:0,(anonymous_19)
FNDA:0,(anonymous_20)
FNDA:0,(anonymous_21)
DA:22,1
DA:107,6
DA:108,6
DA:118,6
DA:119,6
DA:120,6
DA:121,6
DA:122,6
DA:123,6
DA:127,1
DA:128,1
DA:129,1
DA:130,1
DA:131,1
DA:132,1
DA:133,1
DA:134,1
DA:136,0
DA:140,0
DA:154,0
DA:155,0
DA:159,0
DA:160,0
DA:167,0
DA:168,0
DA:172,1
DA:173,1
DA:176,1
DA:180,11
DA:181,9
DA:192,0
DA:195,333
DA:202,0
DA:205,333
DA:212,0
DA:215,333
DA:233,0
DA:237,0
DA:242,0
DA:248,0
DA:254,2
DA:262,1
LF:42
LH:27
BRDA:139,0,0,0
BRDA:139,1,0,0
BRDA:139,2,0,0
BRDA:154,3,0,0
BRDA:154,3,1,0
BRDA:180,4,0,9
BRDA:180,4,1,2
BRDA:184,5,0,0
BRDA:184,5,1,9
BRDA:224,6,0,9
BRDA:224,6,1,1
BRF:11
BRH:5
end_of_record
TN:
SF:/Users/barazouri/workspace/feedMe-ReactNative/src/components/Search/ingredientList.js
FNF:0
FNH:0
DA:1,1
LF:1
LH:1
BRF:0
BRH:0
end_of_record
TN:
SF:/Users/barazouri/workspace/feedMe-ReactNative/src/components/photos/searchPhoto.jpeg
FNF:0
FNH:0
DA:1,2
LF:1
LH:1
BRF:0
BRH:0
end_of_record
